#
# There is insufficient memory for the Java Runtime Environment to continue.
# Native memory allocation (mmap) failed to map 268435456 bytes for Failed to commit area from 0x0000000701e00000 to 0x0000000711e00000 of length 268435456.
# Possible reasons:
#   The system is out of physical RAM or swap space
#   The process is running with CompressedOops enabled, and the Java Heap may be blocking the growth of the native heap
# Possible solutions:
#   Reduce memory load on the system
#   Increase physical memory or swap space
#   Check if swap backing store is full
#   Decrease Java heap size (-Xmx/-Xms)
#   Decrease number of Java threads
#   Decrease Java thread stack sizes (-Xss)
#   Set larger code cache with -XX:ReservedCodeCacheSize=
# This output file may be truncated or incomplete.
#
#  Out of Memory Error (./src/hotspot/os/windows/os_windows.cpp:3619), pid=20076, tid=21488
#
# JRE version:  (11.0.13) (build )
# Java VM: OpenJDK 64-Bit Server VM (11.0.13+0-b1751.21-8125866, mixed mode, sharing, tiered, compressed oops, g1 gc, windows-amd64)
# No core dump will be written. Minidumps are not enabled by default on client versions of Windows
#

---------------  S U M M A R Y ------------

Command Line: 

Host: Intel(R) Core(TM) i7-8565U CPU @ 1.80GHz, 8 cores, 15G,  Windows 11 , 64 bit Build 22621 (10.0.22621.1194)
Time: Tue Mar  7 17:55:43 2023 Egypt Standard Time elapsed time: 0.021385 seconds (0d 0h 0m 0s)

---------------  T H R E A D  ---------------

Current thread (0x000002588980e000):  JavaThread "Unknown thread" [_thread_in_vm, id=21488, stack(0x000000f03e500000,0x000000f03e600000)]

Stack: [0x000000f03e500000,0x000000f03e600000]
Native frames: (J=compiled Java code, j=interpreted, Vv=VM code, C=native code)
V  [jvm.dll+0x6100fa]
V  [jvm.dll+0x747090]
V  [jvm.dll+0x7486ad]
V  [jvm.dll+0x748d83]
V  [jvm.dll+0x24ab48]
V  [jvm.dll+0x60d164]
V  [jvm.dll+0x601e75]
V  [jvm.dll+0x308bdb]
V  [jvm.dll+0x308b4a]
V  [jvm.dll+0x308a22]
V  [jvm.dll+0x30d986]
V  [jvm.dll+0x357093]
V  [jvm.dll+0x357796]
V  [jvm.dll+0x357193]
V  [jvm.dll+0x2e3448]
V  [jvm.dll+0x2e45f7]
V  [jvm.dll+0x7242e7]
V  [jvm.dll+0x725adc]
V  [jvm.dll+0x364629]
V  [jvm.dll+0x707cee]
V  [jvm.dll+0x3d2633]
V  [jvm.dll+0x3d4a21]
C  [jli.dll+0x536b]
C  [ucrtbase.dll+0x29363]
C  [KERNEL32.DLL+0x126bd]
C  [ntdll.dll+0x5dfb8]


---------------  P R O C E S S  ---------------

Threads class SMR info:
_java_thread_list=0x000002588973d0c0, length=0, elements={
}

Java Threads: ( => current thread )

Other Threads:
  0x000002588ba1c800 GCTaskThread "GC Thread#0" [stack: 0x000000f03e600000,0x000000f03e700000] [id=192]
  0x000002588ba7b000 ConcurrentGCThread "G1 Main Marker" [stack: 0x000000f03e700000,0x000000f03e800000] [id=20492]
  0x000002588ba7d800 ConcurrentGCThread "G1 Conc#0" [stack: 0x000000f03e800000,0x000000f03e900000] [id=18676]

[error occurred during error reporting (printing all threads), id 0xc0000005, EXCEPTION_ACCESS_VIOLATION (0xc0000005) at pc=0x00007ff955113dd7]

VM state:not at safepoint (not fully initialized)

VM Mutex/Monitor currently owned by a thread:  ([mutex/lock_event])
[0x000002588980d9c0] Heap_lock - owner thread: 0x000002588980e000

Heap address: 0x0000000701e00000, size: 4066 MB, Compressed Oops mode: Non-zero based: 0x0000000701e00000
Narrow klass base: 0x0000000000000000, Narrow klass shift: 0

GC Heap History (0 events):
No events

Deoptimization events (0 events):
No events

Classes redefined (0 events):
No events

Internal exceptions (0 events):
No events

Events (1 events):
Event: 0.015 Loaded shared library C:\Program Files\Android\Android Studio\jre\bin\zip.dll


Dynamic libraries:
0x00007ff69e8e0000 - 0x00007ff69e8ea000 	C:\Program Files\Android\Android Studio\jre\bin\java.EXE
0x00007ff9a0210000 - 0x00007ff9a0424000 	C:\WINDOWS\SYSTEM32\ntdll.dll
0x00007ff968a50000 - 0x00007ff968a67000 	C:\Program Files\Avast Software\Avast\aswhook.dll
0x00007ff99eb30000 - 0x00007ff99ebf3000 	C:\WINDOWS\System32\KERNEL32.DLL
0x00007ff99da40000 - 0x00007ff99dddc000 	C:\WINDOWS\System32\KERNELBASE.dll
0x00007ff99dde0000 - 0x00007ff99def1000 	C:\WINDOWS\System32\ucrtbase.dll
0x00007ff973120000 - 0x00007ff973137000 	C:\Program Files\Android\Android Studio\jre\bin\VCRUNTIME140.dll
0x00007ff973140000 - 0x00007ff973159000 	C:\Program Files\Android\Android Studio\jre\bin\jli.dll
0x00007ff99f9a0000 - 0x00007ff99fb4d000 	C:\WINDOWS\System32\USER32.dll
0x00007ff99d770000 - 0x00007ff99d796000 	C:\WINDOWS\System32\win32u.dll
0x00007ff99e6a0000 - 0x00007ff99e6c9000 	C:\WINDOWS\System32\GDI32.dll
0x00007ff9747f0000 - 0x00007ff974a7e000 	C:\WINDOWS\WinSxS\amd64_microsoft.windows.common-controls_6595b64144ccf1df_6.0.22621.608_none_a9444ca7c10bb01d\COMCTL32.dll
0x00007ff99df00000 - 0x00007ff99e012000 	C:\WINDOWS\System32\gdi32full.dll
0x00007ff99ed80000 - 0x00007ff99ee27000 	C:\WINDOWS\System32\msvcrt.dll
0x00007ff99d6d0000 - 0x00007ff99d76a000 	C:\WINDOWS\System32\msvcp_win.dll
0x00007ff99ec00000 - 0x00007ff99ec32000 	C:\WINDOWS\System32\IMM32.DLL
0x0000000058520000 - 0x000000005852c000 	C:\Program Files (x86)\360\Total Security\safemon\SafeWrapper.dll
0x00007ff99ef30000 - 0x00007ff99efde000 	C:\WINDOWS\System32\ADVAPI32.dll
0x00007ff99ee30000 - 0x00007ff99eed4000 	C:\WINDOWS\System32\sechost.dll
0x00007ff99e850000 - 0x00007ff99e965000 	C:\WINDOWS\System32\RPCRT4.dll
0x00007ff948210000 - 0x00007ff9482a2000 	C:\Program Files (x86)\360\Total Security\safemon\libzdtp64.dll
0x00007ff99f1b0000 - 0x00007ff99f99f000 	C:\WINDOWS\System32\SHELL32.dll
0x00007ff99e6d0000 - 0x00007ff99e72e000 	C:\WINDOWS\System32\SHLWAPI.dll
0x00007ff994d60000 - 0x00007ff994d6a000 	C:\WINDOWS\SYSTEM32\VERSION.dll
0x00007ff948170000 - 0x00007ff94820d000 	C:\Program Files\Android\Android Studio\jre\bin\msvcp140.dll
0x00007ff954e20000 - 0x00007ff955922000 	C:\Program Files\Android\Android Studio\jre\bin\server\jvm.dll
0x00007ff99ff00000 - 0x00007ff99ff08000 	C:\WINDOWS\System32\PSAPI.DLL
0x00007ff995900000 - 0x00007ff995934000 	C:\WINDOWS\SYSTEM32\WINMM.dll
0x00007ff9968d0000 - 0x00007ff9968d9000 	C:\WINDOWS\SYSTEM32\WSOCK32.dll
0x00007ff99ffb0000 - 0x00007ff9a0021000 	C:\WINDOWS\System32\WS2_32.dll
0x00007ff99c790000 - 0x00007ff99c7a8000 	C:\WINDOWS\SYSTEM32\kernel.appcore.dll
0x00007ff980380000 - 0x00007ff980391000 	C:\Program Files\Android\Android Studio\jre\bin\verify.dll
0x00007ff99b010000 - 0x00007ff99b23e000 	C:\WINDOWS\SYSTEM32\DBGHELP.DLL
0x00007ff99fb70000 - 0x00007ff99fefa000 	C:\WINDOWS\System32\combase.dll
0x00007ff99ec40000 - 0x00007ff99ed17000 	C:\WINDOWS\System32\OLEAUT32.dll
0x00007ff98f080000 - 0x00007ff98f0b2000 	C:\WINDOWS\SYSTEM32\dbgcore.DLL
0x00007ff99d650000 - 0x00007ff99d6cb000 	C:\WINDOWS\System32\bcryptPrimitives.dll
0x00007ff980350000 - 0x00007ff980379000 	C:\Program Files\Android\Android Studio\jre\bin\java.dll
0x00007ff984c80000 - 0x00007ff984c8b000 	C:\Program Files\Android\Android Studio\jre\bin\jimage.dll
0x00007ff980330000 - 0x00007ff980348000 	C:\Program Files\Android\Android Studio\jre\bin\zip.dll

dbghelp: loaded successfully - version: 4.0.5 - missing functions: none
symbol engine: initialized successfully - sym options: 0x614 - pdb path: .;C:\Program Files\Android\Android Studio\jre\bin;C:\WINDOWS\SYSTEM32;C:\Program Files\Avast Software\Avast;C:\WINDOWS\WinSxS\amd64_microsoft.windows.common-controls_6595b64144ccf1df_6.0.22621.608_none_a9444ca7c10bb01d;C:\Program Files (x86)\360\Total Security\safemon;C:\Program Files\Android\Android Studio\jre\bin\server

VM Arguments:
java_command: <unknown>
java_class_path (initial): <not set>
Launcher Type: SUN_STANDARD

[Global flags]
     intx CICompilerCount                          = 4                                         {product} {ergonomic}
     uint ConcGCThreads                            = 2                                         {product} {ergonomic}
     uint G1ConcRefinementThreads                  = 8                                         {product} {ergonomic}
   size_t G1HeapRegionSize                         = 1048576                                   {product} {ergonomic}
    uintx GCDrainStackTargetSize                   = 64                                        {product} {ergonomic}
   size_t InitialHeapSize                          = 268435456                                 {product} {ergonomic}
   size_t MarkStackSize                            = 4194304                                   {product} {ergonomic}
   size_t MaxHeapSize                              = 4263510016                                {product} {ergonomic}
   size_t MinHeapDeltaBytes                        = 1048576                                   {product} {ergonomic}
    uintx NonNMethodCodeHeapSize                   = 5836300                                {pd product} {ergonomic}
    uintx NonProfiledCodeHeapSize                  = 122910970                              {pd product} {ergonomic}
    uintx ProfiledCodeHeapSize                     = 122910970                              {pd product} {ergonomic}
    uintx ReservedCodeCacheSize                    = 251658240                              {pd product} {ergonomic}
     bool SegmentedCodeCache                       = true                                      {product} {ergonomic}
     bool UseCompressedClassPointers               = true                                 {lp64_product} {ergonomic}
     bool UseCompressedOops                        = true                                 {lp64_product} {ergonomic}
     bool UseG1GC                                  = true                                      {product} {ergonomic}
     bool UseLargePagesIndividualAllocation        = false                                  {pd product} {ergonomic}

Logging:
Log output configuration:
 #0: stdout all=warning uptime,level,tags
 #1: stderr all=off uptime,level,tags

Environment Variables:
JAVA_HOME=C:\Program Files\Java\jdk-15
PATH=G:\oracle\product\10.2.0\db_8\bin;G:\oracle\product\10.2.0\db_7\bin;G:\oracle\product\10.2.0\db_6\bin;G:\oracle\product\10.2.0\db_1\bin;C:\Users\Dell\AppData\Local\Programs\Python\Python38-32;C:\Program Files\Common Files\Oracle\Java\javapath;C:\Program Files (x86)\Common Files\Oracle\Java\javapath;C:\Windows\system32;C:\Windows;C:\Windows\System32\Wbem;C:\Windows\System32\WindowsPowerShell\v1.0\;C:\Windows\System32\OpenSSH\;C:\Program Files (x86)\NVIDIA Corporation\PhysX\Common;C:\WINDOWS\system32;C:\WINDOWS;C:\WINDOWS\System32\Wbem;C:\WINDOWS\System32\WindowsPowerShell\v1.0\;C:\WINDOWS\System32\OpenSSH\;C:\Program Files (x86)\Windows Live\Shared;G:\MEGA11;C:\src\flutter\bin;C:\Program Files\Git\cmd;C:\Program Files\Microsoft SQL Server\130\Tools\Binn\;C:\Program Files\Java\jdk-15\bin;C:\src\flutter\bin;C:\tools\dart-sdk\bin;F:\Downloads\gradle-7.5.1-bin\gradle-7.5.1\bin;C:\Users\Dell\AppData\Local\Programs\Microsoft VS Code\bin;C:\Users\Dell\AppData\Local\Android\Sdk;C:\Program Files\Java\jdk-15;C:\Program Files\Android\Android Studio2\jre\bin;C:\Program Files (x86)\Java\jre1.8.0_351;F:\Downloads\dartsdk-windows-x64-release\dart-sdk;C:\moe2014\bin;C:\Users\Dell\AppData\Local\Microsoft\WindowsApps;C:\Program Files\JetBrains\PyCharm 2022.3\bin;;C:\tools\dart-sdk\bin;;C:\src\flutter\bin\mingit\cmd
USERNAME=Dell
OS=Windows_NT
PROCESSOR_IDENTIFIER=Intel64 Family 6 Model 142 Stepping 12, GenuineIntel



---------------  S Y S T E M  ---------------

OS: Windows 11 , 64 bit Build 22621 (10.0.22621.1194)
OS uptime: 0 days 2:57 hours

CPU:total 8 (initial active 8) (4 cores per cpu, 2 threads per core) family 6 model 142 stepping 12 microcode 0xde, cmov, cx8, fxsr, mmx, sse, sse2, sse3, ssse3, sse4.1, sse4.2, popcnt, avx, avx2, aes, clmul, erms, 3dnowpref, lzcnt, ht, tsc, tscinvbit, bmi1, bmi2, adx, fma

Memory: 4k page, system-wide physical 16257M (2411M free)
TotalPageFile size 17675M (AvailPageFile size 129M)
current process WorkingSet (physical memory assigned to process): 12M, peak: 12M
current process commit charge ("private bytes"): 61M, peak: 317M

vm_info: OpenJDK 64-Bit Server VM (11.0.13+0-b1751.21-8125866) for windows-amd64 JRE (11.0.13+0-b1751.21-8125866), built on Feb  2 2022 03:00:22 by "builder" with MS VC++ 14.0 (VS2015)

END.
